[debug] [2024-10-06T13:47:13.391Z] ----------------------------------------------------------------------
[debug] [2024-10-06T13:47:13.395Z] Command:       /usr/bin/node /usr/bin/firebase deploy
[debug] [2024-10-06T13:47:13.395Z] CLI Version:   13.20.2
[debug] [2024-10-06T13:47:13.395Z] Platform:      linux
[debug] [2024-10-06T13:47:13.395Z] Node Version:  v20.17.0
[debug] [2024-10-06T13:47:13.396Z] Time:          Sun Oct 06 2024 14:47:13 GMT+0100 (heure normale d’Afrique de l’Ouest)
[debug] [2024-10-06T13:47:13.396Z] ----------------------------------------------------------------------
[debug] 
[debug] [2024-10-06T13:47:13.491Z] > command requires scopes: ["email","openid","https://www.googleapis.com/auth/cloudplatformprojects.readonly","https://www.googleapis.com/auth/firebase","https://www.googleapis.com/auth/cloud-platform"]
[debug] [2024-10-06T13:47:13.491Z] > authorizing via signed-in user (katakugermain@gmail.com)
[debug] [2024-10-06T13:47:13.492Z] [iam] checking project mspos-web for permissions ["firebase.projects.get","firebasehosting.sites.update"]
[debug] [2024-10-06T13:47:13.493Z] Checked if tokens are valid: false, expires at: 1728218316416
[debug] [2024-10-06T13:47:13.493Z] Checked if tokens are valid: false, expires at: 1728218316416
[debug] [2024-10-06T13:47:13.494Z] > refreshing access token with scopes: []
[debug] [2024-10-06T13:47:13.496Z] >>> [apiv2][query] POST https://www.googleapis.com/oauth2/v3/token [none]
[debug] [2024-10-06T13:47:13.496Z] >>> [apiv2][body] POST https://www.googleapis.com/oauth2/v3/token [omitted]
[debug] [2024-10-06T13:47:14.450Z] <<< [apiv2][status] POST https://www.googleapis.com/oauth2/v3/token 200
[debug] [2024-10-06T13:47:14.451Z] <<< [apiv2][body] POST https://www.googleapis.com/oauth2/v3/token [omitted]
[debug] [2024-10-06T13:47:15.156Z] >>> [apiv2][query] POST https://cloudresourcemanager.googleapis.com/v1/projects/mspos-web:testIamPermissions [none]
[debug] [2024-10-06T13:47:15.157Z] >>> [apiv2][(partial)header] POST https://cloudresourcemanager.googleapis.com/v1/projects/mspos-web:testIamPermissions x-goog-quota-user=projects/mspos-web
[debug] [2024-10-06T13:47:15.158Z] >>> [apiv2][body] POST https://cloudresourcemanager.googleapis.com/v1/projects/mspos-web:testIamPermissions {"permissions":["firebase.projects.get","firebasehosting.sites.update"]}
[debug] [2024-10-06T13:47:17.363Z] <<< [apiv2][status] POST https://cloudresourcemanager.googleapis.com/v1/projects/mspos-web:testIamPermissions 200
[debug] [2024-10-06T13:47:17.363Z] <<< [apiv2][body] POST https://cloudresourcemanager.googleapis.com/v1/projects/mspos-web:testIamPermissions {"permissions":["firebase.projects.get","firebasehosting.sites.update"]}
[debug] [2024-10-06T13:47:17.364Z] Checked if tokens are valid: true, expires at: 1728226033452
[debug] [2024-10-06T13:47:17.364Z] Checked if tokens are valid: true, expires at: 1728226033452
[debug] [2024-10-06T13:47:17.365Z] >>> [apiv2][query] GET https://firebase.googleapis.com/v1beta1/projects/mspos-web [none]
